[11-Jul-2016 12:50:24] Error at \framework\model\connect\DBConnector.php line 55: Uncaught SS_DatabaseException: Couldn't run query:

CREATE DATABASE "ss_mysite" DEFAULT CHARACTER SET utf8 DEFAULT COLLATE utf8_general_ci

Access denied for user ''@'localhost' to database 'ss_mysite' (http://bbproject.local/dev/build?returnURL=%2Fcontact-us%2F)
[12-Jul-2016 16:45:11] Error at \framework\model\connect\DBConnector.php line 55: Uncaught SS_DatabaseException: Couldn't run query:

SELECT DISTINCT "SiteConfig"."ClassName", "SiteConfig"."LastEdited", "SiteConfig"."Created", "SiteConfig"."Title", "SiteConfig"."Tagline", "SiteConfig"."Theme", "SiteConfig"."CanViewType", "SiteConfig"."CanEditType", "SiteConfig"."CanCreateTopLevelType", "SiteConfig"."ID", 
			CASE WHEN "SiteConfig"."ClassName" IS NOT NULL THEN "SiteConfig"."ClassName"
			ELSE 'SiteConfig' END AS "RecordClassName"

FROM "SiteConfig"

LIMIT 1

No database selected (http://ssdc.local/Security/login?BackURL=%2Fadmin%2Fpages)
[12-Jul-2016 16:48:13] Error at \framework\core\Object.php line 743: Uncaught Exception: Object->__call(): the method 'settabset' does not exist on 'DropdownField' (http://ssdc.local/admin/settings/)
[12-Jul-2016 16:48:17] Error at \framework\core\Object.php line 743: Uncaught Exception: Object->__call(): the method 'settabset' does not exist on 'DropdownField' (http://ssdc.local/admin/settings/)
[12-Jul-2016 16:50:36] Error at \framework\core\Object.php line 743: Uncaught Exception: Object->__call(): the method 'settabset' does not exist on 'DropdownField' (http://ssdc.local/admin/settings/)
[12-Jul-2016 16:51:11] Error at \framework\core\Object.php line 743: Uncaught Exception: Object->__call(): the method 'addfield' does not exist on 'FieldList' (http://ssdc.local/admin/settings/)
[12-Jul-2016 17:04:46] Error at \framework\core\Object.php line 743: Uncaught Exception: Object->__call(): the method 'tomap' does not exist on 'DataList' (http://ssdc.local/admin/settings/)
[12-Jul-2016 17:08:53] Warning at \framework\forms\gridfield\GridField.php line 93: Argument 3 passed to GridField::__construct() must implement interface SS_List, instance of SS_Map given, called in C:\Projekte\ssdc\translatable\code\extensions\TranslatableSiteConfigExtension.php on line 18 and defined (http://ssdc.local/admin/settings/)
[12-Jul-2016 17:22:35] Error at \framework\forms\FieldList.php line 303: FieldList::addFieldToTab() Tried to add a tab to object 'FieldList' - 'LanguageVersion' didn't exist. (http://ssdc.local/admin/pages/edit/show/1)
[12-Jul-2016 17:27:05] Error at \framework\forms\FieldList.php line 303: FieldList::addFieldToTab() Tried to add a tab to object 'FieldList' - 'LanguageVersions' didn't exist. (http://ssdc.local/admin/pages/edit/show/2)
[12-Jul-2016 17:27:14] Error at \framework\forms\FieldList.php line 303: FieldList::addFieldToTab() Tried to add a tab to object 'FieldList' - 'LanguageVersions' didn't exist. (http://ssdc.local/admin/pages/edit/show/2?debug=1)
[12-Jul-2016 17:27:52] Error at \framework\forms\FieldList.php line 303: FieldList::addFieldToTab() Tried to add a tab to object 'FieldList' - 'LanguageVersions' didn't exist. (http://ssdc.local/admin/pages/edit/show/2?debug=1)
[12-Jul-2016 17:28:29] Error at \framework\forms\FieldList.php line 303: FieldList::addFieldToTab() Tried to add a tab to object 'FieldList' - 'LanguageVersions' didn't exist. (http://ssdc.local/admin/pages/edit/show/2?debug=1)
[12-Jul-2016 17:29:15] Error at \framework\forms\FieldList.php line 303: FieldList::addFieldToTab() Tried to add a tab to object 'FieldList' - 'LanguageVersions' didn't exist. (http://ssdc.local/admin/pages/edit/show/2?debug=1)
[12-Jul-2016 17:31:14] Error at \framework\forms\FieldList.php line 303: FieldList::addFieldToTab() Tried to add a tab to object 'FieldList' - 'LanguageVersions' didn't exist. (http://ssdc.local/admin/pages/edit/show/2?debug=1)
[12-Jul-2016 17:32:06] Error at \framework\forms\FieldList.php line 303: FieldList::addFieldToTab() Tried to add a tab to object 'FieldList' - 'LanguageVersions' didn't exist. (http://ssdc.local/admin/pages/edit/show/2?debug=1)
[12-Jul-2016 17:32:40] Error at \framework\control\injector\InjectionCreator.php line 14: Uncaught ReflectionException: Class Language does not exist (http://ssdc.local/admin/pages/edit/EditForm/field/SiteTreeOverlays/item/new?debug=1)
[12-Jul-2016 17:32:56] Error at \framework\control\injector\InjectionCreator.php line 14: Uncaught ReflectionException: Class Language does not exist (http://ssdc.local/admin/pages/edit/EditForm/field/SiteTreeOverlays/item/new?debug=1)
[12-Jul-2016 17:33:04] Error at \framework\control\injector\InjectionCreator.php line 14: Uncaught ReflectionException: Class Language does not exist (http://ssdc.local/admin/pages/edit/EditForm/field/SiteTreeOverlays/item/new)
[12-Jul-2016 17:33:18] Error at \framework\control\injector\InjectionCreator.php line 14: Uncaught ReflectionException: Class Language does not exist (http://ssdc.local/admin/pages/edit/EditForm/field/SiteTreeOverlays/item/new)
